[0.019s] Invoking command in '/home/steven/ros2_ws/src/smart_car/build/smart_car': CMAKE_PREFIX_PATH=/opt/ros/humble /usr/bin/cmake /home/steven/ros2_ws/src/smart_car -DCMAKE_INSTALL_PREFIX=/home/steven/ros2_ws/src/smart_car/install/smart_car
[0.098s] -- The C compiler identification is GNU 11.4.0
[0.205s] -- The CXX compiler identification is GNU 11.4.0
[0.216s] -- Detecting C compiler ABI info
[0.307s] -- Detecting C compiler ABI info - done
[0.318s] -- Check for working C compiler: /usr/bin/cc - skipped
[0.318s] -- Detecting C compile features
[0.318s] -- Detecting C compile features - done
[0.322s] -- Detecting CXX compiler ABI info
[0.422s] -- Detecting CXX compiler ABI info - done
[0.431s] -- Check for working CXX compiler: /usr/bin/c++ - skipped
[0.431s] -- Detecting CXX compile features
[0.432s] -- Detecting CXX compile features - done
[0.434s] -- Found ament_cmake: 1.3.10 (/opt/ros/humble/share/ament_cmake/cmake)
[0.603s] -- Found Python3: /usr/bin/python3 (found version "3.10.12") found components: Interpreter 
[0.694s] -- Found xacro: 2.0.8 (/opt/ros/humble/share/xacro/cmake)
[0.695s] -- Found rclcpp: 16.0.10 (/opt/ros/humble/share/rclcpp/cmake)
[0.737s] -- Found rosidl_generator_c: 3.1.5 (/opt/ros/humble/share/rosidl_generator_c/cmake)
[0.741s] -- Found rosidl_adapter: 3.1.5 (/opt/ros/humble/share/rosidl_adapter/cmake)
[0.751s] -- Found rosidl_generator_cpp: 3.1.5 (/opt/ros/humble/share/rosidl_generator_cpp/cmake)
[0.763s] -- Using all available rosidl_typesupport_c: rosidl_typesupport_fastrtps_c;rosidl_typesupport_introspection_c
[0.779s] -- Using all available rosidl_typesupport_cpp: rosidl_typesupport_fastrtps_cpp;rosidl_typesupport_introspection_cpp
[0.822s] -- Found rmw_implementation_cmake: 6.1.2 (/opt/ros/humble/share/rmw_implementation_cmake/cmake)
[0.824s] -- Found rmw_fastrtps_cpp: 6.2.7 (/opt/ros/humble/share/rmw_fastrtps_cpp/cmake)
[0.917s] -- Found OpenSSL: /usr/lib/x86_64-linux-gnu/libcrypto.so (found version "3.0.2")  
[0.949s] -- Found FastRTPS: /opt/ros/humble/include  
[0.991s] -- Using RMW implementation 'rmw_fastrtps_cpp' as default
[0.999s] -- Looking for pthread.h
[1.082s] -- Looking for pthread.h - found
[1.082s] -- Performing Test CMAKE_HAVE_LIBC_PTHREAD
[1.166s] -- Performing Test CMAKE_HAVE_LIBC_PTHREAD - Success
[1.168s] -- Found Threads: TRUE  
[1.222s] -- Found rclpy: 3.3.14 (/opt/ros/humble/share/rclpy/cmake)
[1.223s] -- Found robot_state_publisher: 3.0.3 (/opt/ros/humble/share/robot_state_publisher/cmake)
[1.254s] -- Found eigen3_cmake_module: 0.1.1 (/opt/ros/humble/share/eigen3_cmake_module/cmake)
[1.256s] -- Found Eigen3: TRUE (found version "3.4.0") 
[1.256s] -- Ensuring Eigen3 include directory is part of orocos-kdl CMake target
[1.453s] -- Found ament_lint_auto: 0.12.11 (/opt/ros/humble/share/ament_lint_auto/cmake)
[1.590s] -- Added test 'cppcheck' to perform static code analysis on C / C++ code
[1.590s] -- Configured cppcheck include dirs: /home/steven/ros2_ws/src/smart_car/include
[1.590s] -- Configured cppcheck exclude dirs and/or files: 
[1.592s] -- Added test 'flake8' to check Python code syntax and style conventions
[1.594s] -- Added test 'lint_cmake' to check CMake code style
[1.595s] -- Added test 'pep257' to check Python code against some of the docstring style conventions in PEP 257
[1.602s] -- Added test 'uncrustify' to check C / C++ code style
[1.603s] -- Configured uncrustify additional arguments: 
[1.605s] -- Added test 'xmllint' to check XML markup files
[1.607s] -- Configuring done
[1.616s] -- Generating done
[1.618s] -- Build files have been written to: /home/steven/ros2_ws/src/smart_car/build/smart_car
[1.640s] Invoked command in '/home/steven/ros2_ws/src/smart_car/build/smart_car' returned '0': CMAKE_PREFIX_PATH=/opt/ros/humble /usr/bin/cmake /home/steven/ros2_ws/src/smart_car -DCMAKE_INSTALL_PREFIX=/home/steven/ros2_ws/src/smart_car/install/smart_car
[1.643s] Invoking command in '/home/steven/ros2_ws/src/smart_car/build/smart_car': CMAKE_PREFIX_PATH=/opt/ros/humble /usr/bin/cmake --build /home/steven/ros2_ws/src/smart_car/build/smart_car -- -j8 -l8
[1.701s] Invoked command in '/home/steven/ros2_ws/src/smart_car/build/smart_car' returned '0': CMAKE_PREFIX_PATH=/opt/ros/humble /usr/bin/cmake --build /home/steven/ros2_ws/src/smart_car/build/smart_car -- -j8 -l8
[1.741s] Invoking command in '/home/steven/ros2_ws/src/smart_car/build/smart_car': CMAKE_PREFIX_PATH=/opt/ros/humble /usr/bin/cmake --install /home/steven/ros2_ws/src/smart_car/build/smart_car
[1.752s] -- Install configuration: ""
[1.753s] -- Installing: /home/steven/ros2_ws/src/smart_car/install/smart_car/share/smart_car/urdf/launch
[1.753s] -- Installing: /home/steven/ros2_ws/src/smart_car/install/smart_car/share/smart_car/urdf/launch/simulation.launch.py
[1.753s] -- Installing: /home/steven/ros2_ws/src/smart_car/install/smart_car/share/smart_car/urdf/rviz
[1.753s] -- Installing: /home/steven/ros2_ws/src/smart_car/install/smart_car/share/smart_car/urdf/rviz/urdf_config.rviz
[1.753s] -- Up-to-date: /home/steven/ros2_ws/src/smart_car/install/smart_car/share/smart_car/urdf
[1.753s] -- Installing: /home/steven/ros2_ws/src/smart_car/install/smart_car/share/smart_car/urdf/smartcar.urdf
[1.754s] -- Installing: /home/steven/ros2_ws/src/smart_car/install/smart_car/share/smart_car/urdf/smartcar.urdf.xacro
[1.754s] -- Installing: /home/steven/ros2_ws/src/smart_car/install/smart_car/share/ament_index/resource_index/package_run_dependencies/smart_car
[1.754s] -- Installing: /home/steven/ros2_ws/src/smart_car/install/smart_car/share/ament_index/resource_index/parent_prefix_path/smart_car
[1.754s] -- Installing: /home/steven/ros2_ws/src/smart_car/install/smart_car/share/smart_car/environment/ament_prefix_path.sh
[1.754s] -- Installing: /home/steven/ros2_ws/src/smart_car/install/smart_car/share/smart_car/environment/ament_prefix_path.dsv
[1.755s] -- Installing: /home/steven/ros2_ws/src/smart_car/install/smart_car/share/smart_car/environment/path.sh
[1.755s] -- Installing: /home/steven/ros2_ws/src/smart_car/install/smart_car/share/smart_car/environment/path.dsv
[1.755s] -- Installing: /home/steven/ros2_ws/src/smart_car/install/smart_car/share/smart_car/local_setup.bash
[1.755s] -- Installing: /home/steven/ros2_ws/src/smart_car/install/smart_car/share/smart_car/local_setup.sh
[1.755s] -- Installing: /home/steven/ros2_ws/src/smart_car/install/smart_car/share/smart_car/local_setup.zsh
[1.756s] -- Installing: /home/steven/ros2_ws/src/smart_car/install/smart_car/share/smart_car/local_setup.dsv
[1.756s] -- Installing: /home/steven/ros2_ws/src/smart_car/install/smart_car/share/smart_car/package.dsv
[1.756s] -- Installing: /home/steven/ros2_ws/src/smart_car/install/smart_car/share/ament_index/resource_index/packages/smart_car
[1.756s] -- Installing: /home/steven/ros2_ws/src/smart_car/install/smart_car/share/smart_car/cmake/smart_carConfig.cmake
[1.756s] -- Installing: /home/steven/ros2_ws/src/smart_car/install/smart_car/share/smart_car/cmake/smart_carConfig-version.cmake
[1.756s] -- Installing: /home/steven/ros2_ws/src/smart_car/install/smart_car/share/smart_car/package.xml
[1.761s] Invoked command in '/home/steven/ros2_ws/src/smart_car/build/smart_car' returned '0': CMAKE_PREFIX_PATH=/opt/ros/humble /usr/bin/cmake --install /home/steven/ros2_ws/src/smart_car/build/smart_car
