[0.010s] Invoking command in '/home/steven/ros2_ws/build/smart_car': CMAKE_PREFIX_PATH=${CMAKE_PREFIX_PATH}:/opt/ros/humble /usr/bin/cmake /home/steven/ros2_ws/src/smart_car -DCMAKE_INSTALL_PREFIX=/home/steven/ros2_ws/install/smart_car
[0.095s] -- The C compiler identification is GNU 11.4.0
[0.171s] -- The CXX compiler identification is GNU 11.4.0
[0.178s] -- Detecting C compiler ABI info
[0.259s] -- Detecting C compiler ABI info - done
[0.267s] -- Check for working C compiler: /usr/bin/cc - skipped
[0.268s] -- Detecting C compile features
[0.268s] -- Detecting C compile features - done
[0.271s] -- Detecting CXX compiler ABI info
[0.366s] -- Detecting CXX compiler ABI info - done
[0.377s] -- Check for working CXX compiler: /usr/bin/c++ - skipped
[0.377s] -- Detecting CXX compile features
[0.377s] -- Detecting CXX compile features - done
[0.380s] -- Found ament_cmake: 1.3.10 (/opt/ros/humble/share/ament_cmake/cmake)
[0.564s] -- Found Python3: /usr/bin/python3 (found version "3.10.12") found components: Interpreter 
[0.779s] -- Found xacro: 2.0.8 (/opt/ros/humble/share/xacro/cmake)
[0.781s] -- Found rclcpp: 16.0.10 (/opt/ros/humble/share/rclcpp/cmake)
[0.829s] -- Found rosidl_generator_c: 3.1.5 (/opt/ros/humble/share/rosidl_generator_c/cmake)
[0.834s] -- Found rosidl_adapter: 3.1.5 (/opt/ros/humble/share/rosidl_adapter/cmake)
[0.842s] -- Found rosidl_generator_cpp: 3.1.5 (/opt/ros/humble/share/rosidl_generator_cpp/cmake)
[0.854s] -- Using all available rosidl_typesupport_c: rosidl_typesupport_fastrtps_c;rosidl_typesupport_introspection_c
[0.870s] -- Using all available rosidl_typesupport_cpp: rosidl_typesupport_fastrtps_cpp;rosidl_typesupport_introspection_cpp
[0.914s] -- Found rmw_implementation_cmake: 6.1.2 (/opt/ros/humble/share/rmw_implementation_cmake/cmake)
[0.916s] -- Found rmw_fastrtps_cpp: 6.2.7 (/opt/ros/humble/share/rmw_fastrtps_cpp/cmake)
[1.001s] -- Found OpenSSL: /usr/lib/x86_64-linux-gnu/libcrypto.so (found version "3.0.2")  
[1.028s] -- Found FastRTPS: /opt/ros/humble/include  
[1.074s] -- Using RMW implementation 'rmw_fastrtps_cpp' as default
[1.082s] -- Looking for pthread.h
[1.161s] -- Looking for pthread.h - found
[1.161s] -- Performing Test CMAKE_HAVE_LIBC_PTHREAD
[1.240s] -- Performing Test CMAKE_HAVE_LIBC_PTHREAD - Success
[1.241s] -- Found Threads: TRUE  
[1.296s] -- Found rclpy: 3.3.14 (/opt/ros/humble/share/rclpy/cmake)
[1.297s] -- Found robot_state_publisher: 3.0.3 (/opt/ros/humble/share/robot_state_publisher/cmake)
[1.326s] -- Found eigen3_cmake_module: 0.1.1 (/opt/ros/humble/share/eigen3_cmake_module/cmake)
[1.327s] -- Found Eigen3: TRUE (found version "3.4.0") 
[1.328s] -- Ensuring Eigen3 include directory is part of orocos-kdl CMake target
[1.480s] -- Found ament_lint_auto: 0.12.11 (/opt/ros/humble/share/ament_lint_auto/cmake)
[1.570s] -- Added test 'flake8' to check Python code syntax and style conventions
[1.571s] -- Added test 'lint_cmake' to check CMake code style
[1.572s] -- Added test 'pep257' to check Python code against some of the docstring style conventions in PEP 257
[1.575s] -- Added test 'xmllint' to check XML markup files
[1.576s] -- Configuring done
[1.583s] -- Generating done
[1.585s] -- Build files have been written to: /home/steven/ros2_ws/build/smart_car
[1.599s] Invoked command in '/home/steven/ros2_ws/build/smart_car' returned '0': CMAKE_PREFIX_PATH=${CMAKE_PREFIX_PATH}:/opt/ros/humble /usr/bin/cmake /home/steven/ros2_ws/src/smart_car -DCMAKE_INSTALL_PREFIX=/home/steven/ros2_ws/install/smart_car
[1.599s] Invoking command in '/home/steven/ros2_ws/build/smart_car': CMAKE_PREFIX_PATH=${CMAKE_PREFIX_PATH}:/opt/ros/humble /usr/bin/cmake --build /home/steven/ros2_ws/build/smart_car -- -j8 -l8
[1.644s] Invoked command in '/home/steven/ros2_ws/build/smart_car' returned '0': CMAKE_PREFIX_PATH=${CMAKE_PREFIX_PATH}:/opt/ros/humble /usr/bin/cmake --build /home/steven/ros2_ws/build/smart_car -- -j8 -l8
[1.678s] Invoking command in '/home/steven/ros2_ws/build/smart_car': CMAKE_PREFIX_PATH=${CMAKE_PREFIX_PATH}:/opt/ros/humble /usr/bin/cmake --install /home/steven/ros2_ws/build/smart_car
[1.686s] -- Install configuration: ""
[1.687s] -- Installing: /home/steven/ros2_ws/install/smart_car/share/smart_car/launch
[1.687s] -- Installing: /home/steven/ros2_ws/install/smart_car/share/smart_car/launch/simulation.launch.py
[1.687s] -- Installing: /home/steven/ros2_ws/install/smart_car/share/smart_car/rviz
[1.687s] -- Installing: /home/steven/ros2_ws/install/smart_car/share/smart_car/rviz/urdf_config.rviz
[1.687s] -- Installing: /home/steven/ros2_ws/install/smart_car/share/smart_car/urdf
[1.687s] -- Installing: /home/steven/ros2_ws/install/smart_car/share/smart_car/urdf/smartcar.urdf
[1.687s] -- Installing: /home/steven/ros2_ws/install/smart_car/share/smart_car/urdf/smartcar.urdf.xacro
[1.687s] -- Installing: /home/steven/ros2_ws/install/smart_car/share/ament_index/resource_index/package_run_dependencies/smart_car
[1.687s] -- Installing: /home/steven/ros2_ws/install/smart_car/share/ament_index/resource_index/parent_prefix_path/smart_car
[1.688s] -- Installing: /home/steven/ros2_ws/install/smart_car/share/smart_car/environment/ament_prefix_path.sh
[1.688s] -- Installing: /home/steven/ros2_ws/install/smart_car/share/smart_car/environment/ament_prefix_path.dsv
[1.688s] -- Installing: /home/steven/ros2_ws/install/smart_car/share/smart_car/environment/path.sh
[1.688s] -- Installing: /home/steven/ros2_ws/install/smart_car/share/smart_car/environment/path.dsv
[1.688s] -- Installing: /home/steven/ros2_ws/install/smart_car/share/smart_car/local_setup.bash
[1.688s] -- Installing: /home/steven/ros2_ws/install/smart_car/share/smart_car/local_setup.sh
[1.689s] -- Installing: /home/steven/ros2_ws/install/smart_car/share/smart_car/local_setup.zsh
[1.689s] -- Installing: /home/steven/ros2_ws/install/smart_car/share/smart_car/local_setup.dsv
[1.689s] -- Installing: /home/steven/ros2_ws/install/smart_car/share/smart_car/package.dsv
[1.689s] -- Installing: /home/steven/ros2_ws/install/smart_car/share/ament_index/resource_index/packages/smart_car
[1.689s] -- Installing: /home/steven/ros2_ws/install/smart_car/share/smart_car/cmake/smart_carConfig.cmake
[1.689s] -- Installing: /home/steven/ros2_ws/install/smart_car/share/smart_car/cmake/smart_carConfig-version.cmake
[1.689s] -- Installing: /home/steven/ros2_ws/install/smart_car/share/smart_car/package.xml
[1.692s] Invoked command in '/home/steven/ros2_ws/build/smart_car' returned '0': CMAKE_PREFIX_PATH=${CMAKE_PREFIX_PATH}:/opt/ros/humble /usr/bin/cmake --install /home/steven/ros2_ws/build/smart_car
