[0.649s] DEBUG:colcon:Command line arguments: ['/usr/bin/colcon', 'build', '--packages-select', 'robot_arm_sim']
[0.649s] DEBUG:colcon:Parsed command line arguments: Namespace(log_base=None, log_level=None, verb_name='build', build_base='build', install_base='install', merge_install=False, symlink_install=False, test_result_base=None, continue_on_error=False, executor='parallel', parallel_workers=8, event_handlers=None, ignore_user_meta=False, metas=['./colcon.meta'], base_paths=['.'], packages_ignore=None, packages_ignore_regex=None, paths=None, packages_up_to=None, packages_up_to_regex=None, packages_above=None, packages_above_and_dependencies=None, packages_above_depth=None, packages_select_by_dep=None, packages_skip_by_dep=None, packages_skip_up_to=None, packages_select_build_failed=False, packages_skip_build_finished=False, packages_select_test_failures=False, packages_skip_test_passed=False, packages_select=['robot_arm_sim'], packages_skip=None, packages_select_regex=None, packages_skip_regex=None, packages_start=None, packages_end=None, allow_overriding=[], cmake_args=None, cmake_target=None, cmake_target_skip_unavailable=False, cmake_clean_cache=False, cmake_clean_first=False, cmake_force_configure=False, ament_cmake_args=None, catkin_cmake_args=None, catkin_skip_building_tests=False, mixin_files=None, mixin=None, verb_parser=<colcon_mixin.mixin.mixin_argument.MixinArgumentDecorator object at 0x754fb7dfaa40>, verb_extension=<colcon_core.verb.build.BuildVerb object at 0x754fb7dfa3b0>, main=<bound method BuildVerb.main of <colcon_core.verb.build.BuildVerb object at 0x754fb7dfa3b0>>, mixin_verb=('build',))
[1.601s] Level 1:colcon.colcon_core.package_discovery:discover_packages(colcon_meta) check parameters
[1.601s] Level 1:colcon.colcon_core.package_discovery:discover_packages(recursive) check parameters
[1.602s] Level 1:colcon.colcon_core.package_discovery:discover_packages(ignore) check parameters
[1.602s] Level 1:colcon.colcon_core.package_discovery:discover_packages(path) check parameters
[1.602s] Level 1:colcon.colcon_core.package_discovery:discover_packages(colcon_meta) discover
[1.602s] Level 1:colcon.colcon_core.package_discovery:discover_packages(recursive) discover
[1.602s] INFO:colcon.colcon_core.package_discovery:Crawling recursively for packages in '/home/steven/Documents/GitHub/robot_sim'
[1.603s] Level 1:colcon.colcon_core.package_identification:_identify(.) by extensions ['ignore', 'ignore_ament_install']
[1.603s] Level 1:colcon.colcon_core.package_identification:_identify(.) by extension 'ignore'
[1.604s] Level 1:colcon.colcon_core.package_identification:_identify(.) by extension 'ignore_ament_install'
[1.604s] Level 1:colcon.colcon_core.package_identification:_identify(.) by extensions ['colcon_pkg']
[1.604s] Level 1:colcon.colcon_core.package_identification:_identify(.) by extension 'colcon_pkg'
[1.605s] Level 1:colcon.colcon_core.package_identification:_identify(.) by extensions ['colcon_meta']
[1.605s] Level 1:colcon.colcon_core.package_identification:_identify(.) by extension 'colcon_meta'
[1.605s] Level 1:colcon.colcon_core.package_identification:_identify(.) by extensions ['ros']
[1.605s] Level 1:colcon.colcon_core.package_identification:_identify(.) by extension 'ros'
[1.662s] Level 1:colcon.colcon_core.package_identification:_identify(.) by extensions ['cmake', 'python']
[1.662s] Level 1:colcon.colcon_core.package_identification:_identify(.) by extension 'cmake'
[1.662s] Level 1:colcon.colcon_core.package_identification:_identify(.) by extension 'python'
[1.663s] Level 1:colcon.colcon_core.package_identification:_identify(.) by extensions ['python_setup_py']
[1.663s] Level 1:colcon.colcon_core.package_identification:_identify(.) by extension 'python_setup_py'
[1.663s] Level 1:colcon.colcon_core.package_identification:_identify(build) by extensions ['ignore', 'ignore_ament_install']
[1.664s] Level 1:colcon.colcon_core.package_identification:_identify(build) by extension 'ignore'
[1.664s] Level 1:colcon.colcon_core.package_identification:_identify(build) ignored
[1.665s] Level 1:colcon.colcon_core.package_identification:_identify(install) by extensions ['ignore', 'ignore_ament_install']
[1.665s] Level 1:colcon.colcon_core.package_identification:_identify(install) by extension 'ignore'
[1.666s] Level 1:colcon.colcon_core.package_identification:_identify(install) ignored
[1.666s] Level 1:colcon.colcon_core.package_identification:_identify(log) by extensions ['ignore', 'ignore_ament_install']
[1.666s] Level 1:colcon.colcon_core.package_identification:_identify(log) by extension 'ignore'
[1.667s] Level 1:colcon.colcon_core.package_identification:_identify(log) ignored
[1.667s] Level 1:colcon.colcon_core.package_identification:_identify(robot_arm_sim) by extensions ['ignore', 'ignore_ament_install']
[1.668s] Level 1:colcon.colcon_core.package_identification:_identify(robot_arm_sim) by extension 'ignore'
[1.668s] Level 1:colcon.colcon_core.package_identification:_identify(robot_arm_sim) by extension 'ignore_ament_install'
[1.668s] Level 1:colcon.colcon_core.package_identification:_identify(robot_arm_sim) by extensions ['colcon_pkg']
[1.668s] Level 1:colcon.colcon_core.package_identification:_identify(robot_arm_sim) by extension 'colcon_pkg'
[1.669s] Level 1:colcon.colcon_core.package_identification:_identify(robot_arm_sim) by extensions ['colcon_meta']
[1.669s] Level 1:colcon.colcon_core.package_identification:_identify(robot_arm_sim) by extension 'colcon_meta'
[1.669s] Level 1:colcon.colcon_core.package_identification:_identify(robot_arm_sim) by extensions ['ros']
[1.669s] Level 1:colcon.colcon_core.package_identification:_identify(robot_arm_sim) by extension 'ros'
[1.684s] DEBUG:colcon.colcon_core.package_identification:Package 'robot_arm_sim' with type 'ros.ament_cmake' and name 'robot_arm_sim'
[1.684s] Level 1:colcon.colcon_core.package_discovery:discover_packages(recursive) using defaults
[1.684s] Level 1:colcon.colcon_core.package_discovery:discover_packages(ignore) discover
[1.685s] Level 1:colcon.colcon_core.package_discovery:discover_packages(ignore) using defaults
[1.685s] Level 1:colcon.colcon_core.package_discovery:discover_packages(path) discover
[1.685s] Level 1:colcon.colcon_core.package_discovery:discover_packages(path) using defaults
[1.779s] Level 1:colcon.colcon_core.package_discovery:discover_packages(prefix_path) check parameters
[1.779s] Level 1:colcon.colcon_core.package_discovery:discover_packages(prefix_path) discover
[1.793s] DEBUG:colcon.colcon_installed_package_information.package_discovery:Found 276 installed packages in /opt/ros/humble
[1.841s] Level 1:colcon.colcon_core.package_discovery:discover_packages(prefix_path) using defaults
[2.066s] Level 5:colcon.colcon_core.verb:set package 'robot_arm_sim' build argument 'cmake_args' from command line to 'None'
[2.066s] Level 5:colcon.colcon_core.verb:set package 'robot_arm_sim' build argument 'cmake_target' from command line to 'None'
[2.066s] Level 5:colcon.colcon_core.verb:set package 'robot_arm_sim' build argument 'cmake_target_skip_unavailable' from command line to 'False'
[2.066s] Level 5:colcon.colcon_core.verb:set package 'robot_arm_sim' build argument 'cmake_clean_cache' from command line to 'False'
[2.066s] Level 5:colcon.colcon_core.verb:set package 'robot_arm_sim' build argument 'cmake_clean_first' from command line to 'False'
[2.067s] Level 5:colcon.colcon_core.verb:set package 'robot_arm_sim' build argument 'cmake_force_configure' from command line to 'False'
[2.067s] Level 5:colcon.colcon_core.verb:set package 'robot_arm_sim' build argument 'ament_cmake_args' from command line to 'None'
[2.067s] Level 5:colcon.colcon_core.verb:set package 'robot_arm_sim' build argument 'catkin_cmake_args' from command line to 'None'
[2.067s] Level 5:colcon.colcon_core.verb:set package 'robot_arm_sim' build argument 'catkin_skip_building_tests' from command line to 'False'
[2.067s] DEBUG:colcon.colcon_core.verb:Building package 'robot_arm_sim' with the following arguments: {'ament_cmake_args': None, 'build_base': '/home/steven/Documents/GitHub/robot_sim/build/robot_arm_sim', 'catkin_cmake_args': None, 'catkin_skip_building_tests': False, 'cmake_args': None, 'cmake_clean_cache': False, 'cmake_clean_first': False, 'cmake_force_configure': False, 'cmake_target': None, 'cmake_target_skip_unavailable': False, 'install_base': '/home/steven/Documents/GitHub/robot_sim/install/robot_arm_sim', 'merge_install': False, 'path': '/home/steven/Documents/GitHub/robot_sim/robot_arm_sim', 'symlink_install': False, 'test_result_base': None}
[2.068s] INFO:colcon.colcon_core.executor:Executing jobs using 'parallel' executor
[2.072s] DEBUG:colcon.colcon_parallel_executor.executor.parallel:run_until_complete
[2.073s] INFO:colcon.colcon_ros.task.ament_cmake.build:Building ROS package in '/home/steven/Documents/GitHub/robot_sim/robot_arm_sim' with build type 'ament_cmake'
[2.073s] INFO:colcon.colcon_cmake.task.cmake.build:Building CMake package in '/home/steven/Documents/GitHub/robot_sim/robot_arm_sim'
[2.089s] INFO:colcon.colcon_core.plugin_system:Skipping extension 'colcon_core.shell.bat': Not used on non-Windows systems
[2.090s] INFO:colcon.colcon_core.shell:Skip shell extension 'powershell' for command environment: Not usable outside of PowerShell
[2.091s] DEBUG:colcon.colcon_core.shell:Skip shell extension 'dsv' for command environment
[2.136s] DEBUG:colcon.colcon_core.event_handler.log_command:Invoking command in '/home/steven/Documents/GitHub/robot_sim/build/robot_arm_sim': CMAKE_PREFIX_PATH=/opt/ros/humble /usr/bin/cmake /home/steven/Documents/GitHub/robot_sim/robot_arm_sim -DCMAKE_INSTALL_PREFIX=/home/steven/Documents/GitHub/robot_sim/install/robot_arm_sim
[9.605s] DEBUG:colcon.colcon_core.event_handler.log_command:Invoked command in '/home/steven/Documents/GitHub/robot_sim/build/robot_arm_sim' returned '0': CMAKE_PREFIX_PATH=/opt/ros/humble /usr/bin/cmake /home/steven/Documents/GitHub/robot_sim/robot_arm_sim -DCMAKE_INSTALL_PREFIX=/home/steven/Documents/GitHub/robot_sim/install/robot_arm_sim
[9.613s] DEBUG:colcon.colcon_core.event_handler.log_command:Invoking command in '/home/steven/Documents/GitHub/robot_sim/build/robot_arm_sim': CMAKE_PREFIX_PATH=/opt/ros/humble /usr/bin/cmake --build /home/steven/Documents/GitHub/robot_sim/build/robot_arm_sim -- -j8 -l8
[73.042s] DEBUG:colcon.colcon_core.event_handler.log_command:Invoked command in '/home/steven/Documents/GitHub/robot_sim/build/robot_arm_sim' returned '0': CMAKE_PREFIX_PATH=/opt/ros/humble /usr/bin/cmake --build /home/steven/Documents/GitHub/robot_sim/build/robot_arm_sim -- -j8 -l8
[73.231s] DEBUG:colcon.colcon_core.event_handler.log_command:Invoking command in '/home/steven/Documents/GitHub/robot_sim/build/robot_arm_sim': CMAKE_PREFIX_PATH=/opt/ros/humble /usr/bin/cmake --install /home/steven/Documents/GitHub/robot_sim/build/robot_arm_sim
[73.336s] Level 1:colcon.colcon_core.environment:create_environment_scripts_only(robot_arm_sim)
[73.339s] DEBUG:colcon.colcon_core.event_handler.log_command:Invoked command in '/home/steven/Documents/GitHub/robot_sim/build/robot_arm_sim' returned '0': CMAKE_PREFIX_PATH=/opt/ros/humble /usr/bin/cmake --install /home/steven/Documents/GitHub/robot_sim/build/robot_arm_sim
[73.365s] Level 1:colcon.colcon_core.environment:checking '/home/steven/Documents/GitHub/robot_sim/install/robot_arm_sim' for CMake module files
[73.368s] Level 1:colcon.colcon_core.environment:checking '/home/steven/Documents/GitHub/robot_sim/install/robot_arm_sim' for CMake config files
[73.370s] Level 1:colcon.colcon_core.shell:create_environment_hook('robot_arm_sim', 'cmake_prefix_path')
[73.371s] INFO:colcon.colcon_core.shell:Creating environment hook '/home/steven/Documents/GitHub/robot_sim/install/robot_arm_sim/share/robot_arm_sim/hook/cmake_prefix_path.ps1'
[73.376s] INFO:colcon.colcon_core.shell:Creating environment descriptor '/home/steven/Documents/GitHub/robot_sim/install/robot_arm_sim/share/robot_arm_sim/hook/cmake_prefix_path.dsv'
[73.380s] INFO:colcon.colcon_core.shell:Creating environment hook '/home/steven/Documents/GitHub/robot_sim/install/robot_arm_sim/share/robot_arm_sim/hook/cmake_prefix_path.sh'
[73.386s] Level 1:colcon.colcon_core.environment:checking '/home/steven/Documents/GitHub/robot_sim/install/robot_arm_sim/lib'
[73.386s] Level 1:colcon.colcon_core.environment:checking '/home/steven/Documents/GitHub/robot_sim/install/robot_arm_sim/bin'
[73.387s] Level 1:colcon.colcon_core.environment:checking '/home/steven/Documents/GitHub/robot_sim/install/robot_arm_sim/lib/pkgconfig/robot_arm_sim.pc'
[73.388s] Level 1:colcon.colcon_core.environment:checking '/home/steven/Documents/GitHub/robot_sim/install/robot_arm_sim/lib/python3.10/site-packages'
[73.389s] Level 1:colcon.colcon_core.environment:checking '/home/steven/Documents/GitHub/robot_sim/install/robot_arm_sim/bin'
[73.390s] INFO:colcon.colcon_core.shell:Creating package script '/home/steven/Documents/GitHub/robot_sim/install/robot_arm_sim/share/robot_arm_sim/package.ps1'
[73.394s] INFO:colcon.colcon_core.shell:Creating package descriptor '/home/steven/Documents/GitHub/robot_sim/install/robot_arm_sim/share/robot_arm_sim/package.dsv'
[73.398s] INFO:colcon.colcon_core.shell:Creating package script '/home/steven/Documents/GitHub/robot_sim/install/robot_arm_sim/share/robot_arm_sim/package.sh'
[73.403s] INFO:colcon.colcon_core.shell:Creating package script '/home/steven/Documents/GitHub/robot_sim/install/robot_arm_sim/share/robot_arm_sim/package.bash'
[73.409s] INFO:colcon.colcon_core.shell:Creating package script '/home/steven/Documents/GitHub/robot_sim/install/robot_arm_sim/share/robot_arm_sim/package.zsh'
[73.412s] Level 1:colcon.colcon_core.environment:create_file_with_runtime_dependencies(/home/steven/Documents/GitHub/robot_sim/install/robot_arm_sim/share/colcon-core/packages/robot_arm_sim)
[73.555s] Level 1:colcon.colcon_core.environment:create_environment_scripts_only(robot_arm_sim)
[73.556s] Level 1:colcon.colcon_core.environment:checking '/home/steven/Documents/GitHub/robot_sim/install/robot_arm_sim' for CMake module files
[73.559s] Level 1:colcon.colcon_core.environment:checking '/home/steven/Documents/GitHub/robot_sim/install/robot_arm_sim' for CMake config files
[73.560s] Level 1:colcon.colcon_core.shell:create_environment_hook('robot_arm_sim', 'cmake_prefix_path')
[73.561s] INFO:colcon.colcon_core.shell:Creating environment hook '/home/steven/Documents/GitHub/robot_sim/install/robot_arm_sim/share/robot_arm_sim/hook/cmake_prefix_path.ps1'
[73.564s] INFO:colcon.colcon_core.shell:Creating environment descriptor '/home/steven/Documents/GitHub/robot_sim/install/robot_arm_sim/share/robot_arm_sim/hook/cmake_prefix_path.dsv'
[73.566s] INFO:colcon.colcon_core.shell:Creating environment hook '/home/steven/Documents/GitHub/robot_sim/install/robot_arm_sim/share/robot_arm_sim/hook/cmake_prefix_path.sh'
[73.569s] Level 1:colcon.colcon_core.environment:checking '/home/steven/Documents/GitHub/robot_sim/install/robot_arm_sim/lib'
[73.570s] Level 1:colcon.colcon_core.environment:checking '/home/steven/Documents/GitHub/robot_sim/install/robot_arm_sim/bin'
[73.570s] Level 1:colcon.colcon_core.environment:checking '/home/steven/Documents/GitHub/robot_sim/install/robot_arm_sim/lib/pkgconfig/robot_arm_sim.pc'
[73.572s] Level 1:colcon.colcon_core.environment:checking '/home/steven/Documents/GitHub/robot_sim/install/robot_arm_sim/lib/python3.10/site-packages'
[73.574s] Level 1:colcon.colcon_core.environment:checking '/home/steven/Documents/GitHub/robot_sim/install/robot_arm_sim/bin'
[73.576s] INFO:colcon.colcon_core.shell:Creating package script '/home/steven/Documents/GitHub/robot_sim/install/robot_arm_sim/share/robot_arm_sim/package.ps1'
[73.581s] INFO:colcon.colcon_core.shell:Creating package descriptor '/home/steven/Documents/GitHub/robot_sim/install/robot_arm_sim/share/robot_arm_sim/package.dsv'
[73.584s] INFO:colcon.colcon_core.shell:Creating package script '/home/steven/Documents/GitHub/robot_sim/install/robot_arm_sim/share/robot_arm_sim/package.sh'
[73.586s] INFO:colcon.colcon_core.shell:Creating package script '/home/steven/Documents/GitHub/robot_sim/install/robot_arm_sim/share/robot_arm_sim/package.bash'
[73.588s] INFO:colcon.colcon_core.shell:Creating package script '/home/steven/Documents/GitHub/robot_sim/install/robot_arm_sim/share/robot_arm_sim/package.zsh'
[73.590s] Level 1:colcon.colcon_core.environment:create_file_with_runtime_dependencies(/home/steven/Documents/GitHub/robot_sim/install/robot_arm_sim/share/colcon-core/packages/robot_arm_sim)
[73.592s] DEBUG:colcon.colcon_parallel_executor.executor.parallel:closing loop
[73.593s] DEBUG:colcon.colcon_parallel_executor.executor.parallel:loop closed
[73.594s] DEBUG:colcon.colcon_parallel_executor.executor.parallel:run_until_complete finished with '0'
[73.594s] DEBUG:colcon.colcon_core.event_reactor:joining thread
[73.637s] INFO:colcon.colcon_core.plugin_system:Skipping extension 'colcon_notification.desktop_notification.terminal_notifier': Not used on non-Darwin systems
[73.638s] INFO:colcon.colcon_core.plugin_system:Skipping extension 'colcon_notification.desktop_notification.win32': Not used on non-Windows systems
[73.638s] INFO:colcon.colcon_notification.desktop_notification:Sending desktop notification using 'notify2'
[73.700s] DEBUG:colcon.colcon_core.event_reactor:joined thread
[73.702s] INFO:colcon.colcon_core.shell:Creating prefix script '/home/steven/Documents/GitHub/robot_sim/install/local_setup.ps1'
[73.706s] INFO:colcon.colcon_core.shell:Creating prefix util module '/home/steven/Documents/GitHub/robot_sim/install/_local_setup_util_ps1.py'
[73.712s] INFO:colcon.colcon_core.shell:Creating prefix chain script '/home/steven/Documents/GitHub/robot_sim/install/setup.ps1'
[73.718s] INFO:colcon.colcon_core.shell:Creating prefix script '/home/steven/Documents/GitHub/robot_sim/install/local_setup.sh'
[73.721s] INFO:colcon.colcon_core.shell:Creating prefix util module '/home/steven/Documents/GitHub/robot_sim/install/_local_setup_util_sh.py'
[73.723s] INFO:colcon.colcon_core.shell:Creating prefix chain script '/home/steven/Documents/GitHub/robot_sim/install/setup.sh'
[73.731s] INFO:colcon.colcon_core.shell:Creating prefix script '/home/steven/Documents/GitHub/robot_sim/install/local_setup.bash'
[73.734s] INFO:colcon.colcon_core.shell:Creating prefix chain script '/home/steven/Documents/GitHub/robot_sim/install/setup.bash'
[73.741s] INFO:colcon.colcon_core.shell:Creating prefix script '/home/steven/Documents/GitHub/robot_sim/install/local_setup.zsh'
[73.745s] INFO:colcon.colcon_core.shell:Creating prefix chain script '/home/steven/Documents/GitHub/robot_sim/install/setup.zsh'
